append_cflags: checking for whether -fstack-protector-strong -D_FORTIFY_SOURCE=2 is accepted as CFLAGS... -------------------- yes

PATH=".;D:/Programs/Ruby34-x64/lib;D:\Programs\Ruby34-x64\bin;D:\Programs\Ruby34-x64\msys64\ucrt64\bin;D:\Programs\Ruby34-x64\msys64\usr\bin;C:\Program Files\Common Files\Oracle\Java\javapath;C:\Program Files (x86)\Common Files\Oracle\Java\java8path;C:\Program Files (x86)\Common Files\Oracle\Java\javapath;C:\Windows\system32;C:\Windows;C:\Windows\System32\Wbem;C:\Windows\System32\WindowsPowerShell\v1.0\;C:\Windows\System32\OpenSSH\;C:\Program Files (x86)\NVIDIA Corporation\PhysX\Common;C:\Program Files\dotnet\;C:\programs\Git\cmd;D:\Programs\PuTTy\;C:\Program Files\NVIDIA Corporation\NVIDIA App\NvDLISR;D:\Programs\Ruby34-x64\msys64\ucrt64\bin;D:\Programs\Ruby34-x64\bin;C:\Users\zador\AppData\Local\Programs\Python\Python313\Scripts\;C:\Users\zador\AppData\Local\Programs\Python\Python313\;C:\Users\zador\AppData\Local\Programs\Python\Launcher\;C:\Users\zador\AppData\Local\Microsoft\WindowsApps;C:\programs\Microsoft VS Code\bin;C:\programs\IntelliJ IDEA 2022.1.4\bin;;C:\Users\zador\AppData\Local\GitHubDesktop\bin" ASAN_OPTIONS=detect_leaks=0 "gcc -o conftest.exe -ID:/Programs/Ruby34-x64/include/ruby-3.4.0/x64-mingw-ucrt -ID:/Programs/Ruby34-x64/include/ruby-3.4.0/ruby/backward -ID:/Programs/Ruby34-x64/include/ruby-3.4.0 -I. -D_WIN32_WINNT=0x0600 -D__MINGW_USE_VC2005_COMPAT -D_FILE_OFFSET_BITS=64  -O3 -fstack-protector-strong conftest.c -L. -LD:/Programs/Ruby34-x64/lib -L. -pipe -s -fstack-protector-strong -lpthread -Wl,--no-as-needed     -lx64-ucrt-ruby340  -lshell32 -lws2_32 -liphlpapi -limagehlp -lshlwapi -lbcrypt  "
checked program was:
/* begin */
1: #include "ruby.h"
2: 
3: #include <winsock2.h>
4: #include <windows.h>
5: int main(int argc, char **argv)
6: {
7:   return !!argv[argc];
8: }
/* end */

PATH=".;D:/Programs/Ruby34-x64/lib;D:\Programs\Ruby34-x64\bin;D:\Programs\Ruby34-x64\msys64\ucrt64\bin;D:\Programs\Ruby34-x64\msys64\usr\bin;C:\Program Files\Common Files\Oracle\Java\javapath;C:\Program Files (x86)\Common Files\Oracle\Java\java8path;C:\Program Files (x86)\Common Files\Oracle\Java\javapath;C:\Windows\system32;C:\Windows;C:\Windows\System32\Wbem;C:\Windows\System32\WindowsPowerShell\v1.0\;C:\Windows\System32\OpenSSH\;C:\Program Files (x86)\NVIDIA Corporation\PhysX\Common;C:\Program Files\dotnet\;C:\programs\Git\cmd;D:\Programs\PuTTy\;C:\Program Files\NVIDIA Corporation\NVIDIA App\NvDLISR;D:\Programs\Ruby34-x64\msys64\ucrt64\bin;D:\Programs\Ruby34-x64\bin;C:\Users\zador\AppData\Local\Programs\Python\Python313\Scripts\;C:\Users\zador\AppData\Local\Programs\Python\Python313\;C:\Users\zador\AppData\Local\Programs\Python\Launcher\;C:\Users\zador\AppData\Local\Microsoft\WindowsApps;C:\programs\Microsoft VS Code\bin;C:\programs\IntelliJ IDEA 2022.1.4\bin;;C:\Users\zador\AppData\Local\GitHubDesktop\bin" ASAN_OPTIONS=detect_leaks=0 "gcc -ID:/Programs/Ruby34-x64/include/ruby-3.4.0/x64-mingw-ucrt -ID:/Programs/Ruby34-x64/include/ruby-3.4.0/ruby/backward -ID:/Programs/Ruby34-x64/include/ruby-3.4.0 -I. -D_WIN32_WINNT=0x0600 -D__MINGW_USE_VC2005_COMPAT -D_FILE_OFFSET_BITS=64  -O3 -fstack-protector-strong  -fstack-protector-strong -D_FORTIFY_SOURCE=2 -Werror -c conftest.c"
checked program was:
/* begin */
1: #include "ruby.h"
2: 
3: #include <winsock2.h>
4: #include <windows.h>
5: int main(int argc, char **argv)
6: {
7:   return !!argv[argc];
8: }
/* end */

--------------------

append_ldflags: checking for whether -fstack-protector-strong -l:libssp.a is accepted as LDFLAGS... -------------------- yes

PATH=".;D:/Programs/Ruby34-x64/lib;D:\Programs\Ruby34-x64\bin;D:\Programs\Ruby34-x64\msys64\ucrt64\bin;D:\Programs\Ruby34-x64\msys64\usr\bin;C:\Program Files\Common Files\Oracle\Java\javapath;C:\Program Files (x86)\Common Files\Oracle\Java\java8path;C:\Program Files (x86)\Common Files\Oracle\Java\javapath;C:\Windows\system32;C:\Windows;C:\Windows\System32\Wbem;C:\Windows\System32\WindowsPowerShell\v1.0\;C:\Windows\System32\OpenSSH\;C:\Program Files (x86)\NVIDIA Corporation\PhysX\Common;C:\Program Files\dotnet\;C:\programs\Git\cmd;D:\Programs\PuTTy\;C:\Program Files\NVIDIA Corporation\NVIDIA App\NvDLISR;D:\Programs\Ruby34-x64\msys64\ucrt64\bin;D:\Programs\Ruby34-x64\bin;C:\Users\zador\AppData\Local\Programs\Python\Python313\Scripts\;C:\Users\zador\AppData\Local\Programs\Python\Python313\;C:\Users\zador\AppData\Local\Programs\Python\Launcher\;C:\Users\zador\AppData\Local\Microsoft\WindowsApps;C:\programs\Microsoft VS Code\bin;C:\programs\IntelliJ IDEA 2022.1.4\bin;;C:\Users\zador\AppData\Local\GitHubDesktop\bin" ASAN_OPTIONS=detect_leaks=0 "gcc -o conftest.exe -ID:/Programs/Ruby34-x64/include/ruby-3.4.0/x64-mingw-ucrt -ID:/Programs/Ruby34-x64/include/ruby-3.4.0/ruby/backward -ID:/Programs/Ruby34-x64/include/ruby-3.4.0 -I. -D_WIN32_WINNT=0x0600 -D__MINGW_USE_VC2005_COMPAT -D_FILE_OFFSET_BITS=64  -O3 -fstack-protector-strong -fstack-protector-strong -D_FORTIFY_SOURCE=2 conftest.c -L. -LD:/Programs/Ruby34-x64/lib -L. -pipe -s -fstack-protector-strong -lpthread -Wl,--no-as-needed -fstack-protector-strong -l:libssp.a    -lx64-ucrt-ruby340  -lshell32 -lws2_32 -liphlpapi -limagehlp -lshlwapi -lbcrypt  "
checked program was:
/* begin */
1: #include "ruby.h"
2: 
3: #include <winsock2.h>
4: #include <windows.h>
5: int main(int argc, char **argv)
6: {
7:   return !!argv[argc];
8: }
/* end */

--------------------

have_library: checking for -lssp... -------------------- yes

PATH=".;D:/Programs/Ruby34-x64/lib;D:\Programs\Ruby34-x64\bin;D:\Programs\Ruby34-x64\msys64\ucrt64\bin;D:\Programs\Ruby34-x64\msys64\usr\bin;C:\Program Files\Common Files\Oracle\Java\javapath;C:\Program Files (x86)\Common Files\Oracle\Java\java8path;C:\Program Files (x86)\Common Files\Oracle\Java\javapath;C:\Windows\system32;C:\Windows;C:\Windows\System32\Wbem;C:\Windows\System32\WindowsPowerShell\v1.0\;C:\Windows\System32\OpenSSH\;C:\Program Files (x86)\NVIDIA Corporation\PhysX\Common;C:\Program Files\dotnet\;C:\programs\Git\cmd;D:\Programs\PuTTy\;C:\Program Files\NVIDIA Corporation\NVIDIA App\NvDLISR;D:\Programs\Ruby34-x64\msys64\ucrt64\bin;D:\Programs\Ruby34-x64\bin;C:\Users\zador\AppData\Local\Programs\Python\Python313\Scripts\;C:\Users\zador\AppData\Local\Programs\Python\Python313\;C:\Users\zador\AppData\Local\Programs\Python\Launcher\;C:\Users\zador\AppData\Local\Microsoft\WindowsApps;C:\programs\Microsoft VS Code\bin;C:\programs\IntelliJ IDEA 2022.1.4\bin;;C:\Users\zador\AppData\Local\GitHubDesktop\bin" ASAN_OPTIONS=detect_leaks=0 "gcc -o conftest.exe -ID:/Programs/Ruby34-x64/include/ruby-3.4.0/x64-mingw-ucrt -ID:/Programs/Ruby34-x64/include/ruby-3.4.0/ruby/backward -ID:/Programs/Ruby34-x64/include/ruby-3.4.0 -I. -D_WIN32_WINNT=0x0600 -D__MINGW_USE_VC2005_COMPAT -D_FILE_OFFSET_BITS=64  -O3 -fstack-protector-strong -fstack-protector-strong -D_FORTIFY_SOURCE=2 conftest.c -L. -LD:/Programs/Ruby34-x64/lib -L. -pipe -s -fstack-protector-strong -lpthread -Wl,--no-as-needed -fstack-protector-strong -l:libssp.a     -lx64-ucrt-ruby340 -lssp  -lshell32 -lws2_32 -liphlpapi -limagehlp -lshlwapi -lbcrypt  "
checked program was:
/* begin */
 1: #include "ruby.h"
 2: 
 3: #include <winsock2.h>
 4: #include <windows.h>
 5: 
 6: /*top*/
 7: extern int t(void);
 8: int main(int argc, char **argv)
 9: {
10:   if (argc > 1000000) {
11:     int (* volatile tp)(void)=(int (*)(void))&t;
12:     printf("%d", (*tp)());
13:   }
14: 
15:   return !!argv[argc];
16: }
17: 
18: int t(void) { ; return 0; }
/* end */

--------------------

pkg_config: checking for pkg-config for openssl... -------------------- ["-ID:/Programs/Ruby34-x64/msys64/ucrt64/bin/../include ", "-LD:/Programs/Ruby34-x64/msys64/ucrt64/bin/../lib", "-lssl -lcrypto"]

PATH=".;D:/Programs/Ruby34-x64/lib;D:\Programs\Ruby34-x64\bin;D:\Programs\Ruby34-x64\msys64\ucrt64\bin;D:\Programs\Ruby34-x64\msys64\usr\bin;C:\Program Files\Common Files\Oracle\Java\javapath;C:\Program Files (x86)\Common Files\Oracle\Java\java8path;C:\Program Files (x86)\Common Files\Oracle\Java\javapath;C:\Windows\system32;C:\Windows;C:\Windows\System32\Wbem;C:\Windows\System32\WindowsPowerShell\v1.0\;C:\Windows\System32\OpenSSH\;C:\Program Files (x86)\NVIDIA Corporation\PhysX\Common;C:\Program Files\dotnet\;C:\programs\Git\cmd;D:\Programs\PuTTy\;C:\Program Files\NVIDIA Corporation\NVIDIA App\NvDLISR;D:\Programs\Ruby34-x64\msys64\ucrt64\bin;D:\Programs\Ruby34-x64\bin;C:\Users\zador\AppData\Local\Programs\Python\Python313\Scripts\;C:\Users\zador\AppData\Local\Programs\Python\Python313\;C:\Users\zador\AppData\Local\Programs\Python\Launcher\;C:\Users\zador\AppData\Local\Microsoft\WindowsApps;C:\programs\Microsoft VS Code\bin;C:\programs\IntelliJ IDEA 2022.1.4\bin;;C:\Users\zador\AppData\Local\GitHubDesktop\bin" ASAN_OPTIONS=detect_leaks=0 x86_64-w64-mingw32-pkg-config --exists openssl
PATH=".;D:/Programs/Ruby34-x64/lib;D:\Programs\Ruby34-x64\bin;D:\Programs\Ruby34-x64\msys64\ucrt64\bin;D:\Programs\Ruby34-x64\msys64\usr\bin;C:\Program Files\Common Files\Oracle\Java\javapath;C:\Program Files (x86)\Common Files\Oracle\Java\java8path;C:\Program Files (x86)\Common Files\Oracle\Java\javapath;C:\Windows\system32;C:\Windows;C:\Windows\System32\Wbem;C:\Windows\System32\WindowsPowerShell\v1.0\;C:\Windows\System32\OpenSSH\;C:\Program Files (x86)\NVIDIA Corporation\PhysX\Common;C:\Program Files\dotnet\;C:\programs\Git\cmd;D:\Programs\PuTTy\;C:\Program Files\NVIDIA Corporation\NVIDIA App\NvDLISR;D:\Programs\Ruby34-x64\msys64\ucrt64\bin;D:\Programs\Ruby34-x64\bin;C:\Users\zador\AppData\Local\Programs\Python\Python313\Scripts\;C:\Users\zador\AppData\Local\Programs\Python\Python313\;C:\Users\zador\AppData\Local\Programs\Python\Launcher\;C:\Users\zador\AppData\Local\Microsoft\WindowsApps;C:\programs\Microsoft VS Code\bin;C:\programs\IntelliJ IDEA 2022.1.4\bin;;C:\Users\zador\AppData\Local\GitHubDesktop\bin" ASAN_OPTIONS=detect_leaks=0 x86_64-w64-mingw32-pkg-config --libs openssl |
=> "-LD:/Programs/Ruby34-x64/msys64/ucrt64/bin/../lib -lssl -lcrypto\n"
PATH=".;D:/Programs/Ruby34-x64/lib;D:\Programs\Ruby34-x64\bin;D:\Programs\Ruby34-x64\msys64\ucrt64\bin;D:\Programs\Ruby34-x64\msys64\usr\bin;C:\Program Files\Common Files\Oracle\Java\javapath;C:\Program Files (x86)\Common Files\Oracle\Java\java8path;C:\Program Files (x86)\Common Files\Oracle\Java\javapath;C:\Windows\system32;C:\Windows;C:\Windows\System32\Wbem;C:\Windows\System32\WindowsPowerShell\v1.0\;C:\Windows\System32\OpenSSH\;C:\Program Files (x86)\NVIDIA Corporation\PhysX\Common;C:\Program Files\dotnet\;C:\programs\Git\cmd;D:\Programs\PuTTy\;C:\Program Files\NVIDIA Corporation\NVIDIA App\NvDLISR;D:\Programs\Ruby34-x64\msys64\ucrt64\bin;D:\Programs\Ruby34-x64\bin;C:\Users\zador\AppData\Local\Programs\Python\Python313\Scripts\;C:\Users\zador\AppData\Local\Programs\Python\Python313\;C:\Users\zador\AppData\Local\Programs\Python\Launcher\;C:\Users\zador\AppData\Local\Microsoft\WindowsApps;C:\programs\Microsoft VS Code\bin;C:\programs\IntelliJ IDEA 2022.1.4\bin;;C:\Users\zador\AppData\Local\GitHubDesktop\bin" ASAN_OPTIONS=detect_leaks=0 "gcc -o conftest.exe -ID:/Programs/Ruby34-x64/include/ruby-3.4.0/x64-mingw-ucrt -ID:/Programs/Ruby34-x64/include/ruby-3.4.0/ruby/backward -ID:/Programs/Ruby34-x64/include/ruby-3.4.0 -I. -D_WIN32_WINNT=0x0600 -D__MINGW_USE_VC2005_COMPAT -D_FILE_OFFSET_BITS=64  -O3 -fstack-protector-strong -fstack-protector-strong -D_FORTIFY_SOURCE=2 conftest.c -L. -LD:/Programs/Ruby34-x64/lib -L. -pipe -s -fstack-protector-strong -lpthread -Wl,--no-as-needed -fstack-protector-strong -l:libssp.a -LD:/Programs/Ruby34-x64/msys64/ucrt64/bin/../lib -lssl -lcrypto   -lssp  -lx64-ucrt-ruby340  -lshell32 -lws2_32 -liphlpapi -limagehlp -lshlwapi -lbcrypt  "
checked program was:
/* begin */
1: #include "ruby.h"
2: 
3: #include <winsock2.h>
4: #include <windows.h>
5: int main(int argc, char **argv)
6: {
7:   return !!argv[argc];
8: }
/* end */

PATH=".;D:/Programs/Ruby34-x64/lib;D:\Programs\Ruby34-x64\bin;D:\Programs\Ruby34-x64\msys64\ucrt64\bin;D:\Programs\Ruby34-x64\msys64\usr\bin;C:\Program Files\Common Files\Oracle\Java\javapath;C:\Program Files (x86)\Common Files\Oracle\Java\java8path;C:\Program Files (x86)\Common Files\Oracle\Java\javapath;C:\Windows\system32;C:\Windows;C:\Windows\System32\Wbem;C:\Windows\System32\WindowsPowerShell\v1.0\;C:\Windows\System32\OpenSSH\;C:\Program Files (x86)\NVIDIA Corporation\PhysX\Common;C:\Program Files\dotnet\;C:\programs\Git\cmd;D:\Programs\PuTTy\;C:\Program Files\NVIDIA Corporation\NVIDIA App\NvDLISR;D:\Programs\Ruby34-x64\msys64\ucrt64\bin;D:\Programs\Ruby34-x64\bin;C:\Users\zador\AppData\Local\Programs\Python\Python313\Scripts\;C:\Users\zador\AppData\Local\Programs\Python\Python313\;C:\Users\zador\AppData\Local\Programs\Python\Launcher\;C:\Users\zador\AppData\Local\Microsoft\WindowsApps;C:\programs\Microsoft VS Code\bin;C:\programs\IntelliJ IDEA 2022.1.4\bin;;C:\Users\zador\AppData\Local\GitHubDesktop\bin" ASAN_OPTIONS=detect_leaks=0 x86_64-w64-mingw32-pkg-config --cflags-only-I openssl |
=> "-ID:/Programs/Ruby34-x64/msys64/ucrt64/bin/../include\n"
PATH=".;D:/Programs/Ruby34-x64/lib;D:\Programs\Ruby34-x64\bin;D:\Programs\Ruby34-x64\msys64\ucrt64\bin;D:\Programs\Ruby34-x64\msys64\usr\bin;C:\Program Files\Common Files\Oracle\Java\javapath;C:\Program Files (x86)\Common Files\Oracle\Java\java8path;C:\Program Files (x86)\Common Files\Oracle\Java\javapath;C:\Windows\system32;C:\Windows;C:\Windows\System32\Wbem;C:\Windows\System32\WindowsPowerShell\v1.0\;C:\Windows\System32\OpenSSH\;C:\Program Files (x86)\NVIDIA Corporation\PhysX\Common;C:\Program Files\dotnet\;C:\programs\Git\cmd;D:\Programs\PuTTy\;C:\Program Files\NVIDIA Corporation\NVIDIA App\NvDLISR;D:\Programs\Ruby34-x64\msys64\ucrt64\bin;D:\Programs\Ruby34-x64\bin;C:\Users\zador\AppData\Local\Programs\Python\Python313\Scripts\;C:\Users\zador\AppData\Local\Programs\Python\Python313\;C:\Users\zador\AppData\Local\Programs\Python\Launcher\;C:\Users\zador\AppData\Local\Microsoft\WindowsApps;C:\programs\Microsoft VS Code\bin;C:\programs\IntelliJ IDEA 2022.1.4\bin;;C:\Users\zador\AppData\Local\GitHubDesktop\bin" ASAN_OPTIONS=detect_leaks=0 x86_64-w64-mingw32-pkg-config --cflags-only-other openssl |
=> "\n"
PATH=".;D:/Programs/Ruby34-x64/lib;D:\Programs\Ruby34-x64\bin;D:\Programs\Ruby34-x64\msys64\ucrt64\bin;D:\Programs\Ruby34-x64\msys64\usr\bin;C:\Program Files\Common Files\Oracle\Java\javapath;C:\Program Files (x86)\Common Files\Oracle\Java\java8path;C:\Program Files (x86)\Common Files\Oracle\Java\javapath;C:\Windows\system32;C:\Windows;C:\Windows\System32\Wbem;C:\Windows\System32\WindowsPowerShell\v1.0\;C:\Windows\System32\OpenSSH\;C:\Program Files (x86)\NVIDIA Corporation\PhysX\Common;C:\Program Files\dotnet\;C:\programs\Git\cmd;D:\Programs\PuTTy\;C:\Program Files\NVIDIA Corporation\NVIDIA App\NvDLISR;D:\Programs\Ruby34-x64\msys64\ucrt64\bin;D:\Programs\Ruby34-x64\bin;C:\Users\zador\AppData\Local\Programs\Python\Python313\Scripts\;C:\Users\zador\AppData\Local\Programs\Python\Python313\;C:\Users\zador\AppData\Local\Programs\Python\Launcher\;C:\Users\zador\AppData\Local\Microsoft\WindowsApps;C:\programs\Microsoft VS Code\bin;C:\programs\IntelliJ IDEA 2022.1.4\bin;;C:\Users\zador\AppData\Local\GitHubDesktop\bin" ASAN_OPTIONS=detect_leaks=0 x86_64-w64-mingw32-pkg-config --libs-only-l openssl |
=> "-lssl -lcrypto\n"
package configuration for openssl
incflags: -ID:/Programs/Ruby34-x64/msys64/ucrt64/bin/../include
cflags: 
ldflags: -LD:/Programs/Ruby34-x64/msys64/ucrt64/bin/../lib
libs: -lssl -lcrypto

--------------------

have_library: checking for BIO_read() in -llibcrypto... -------------------- yes

PATH=".;D:/Programs/Ruby34-x64/lib;D:\Programs\Ruby34-x64\bin;D:\Programs\Ruby34-x64\msys64\ucrt64\bin;D:\Programs\Ruby34-x64\msys64\usr\bin;C:\Program Files\Common Files\Oracle\Java\javapath;C:\Program Files (x86)\Common Files\Oracle\Java\java8path;C:\Program Files (x86)\Common Files\Oracle\Java\javapath;C:\Windows\system32;C:\Windows;C:\Windows\System32\Wbem;C:\Windows\System32\WindowsPowerShell\v1.0\;C:\Windows\System32\OpenSSH\;C:\Program Files (x86)\NVIDIA Corporation\PhysX\Common;C:\Program Files\dotnet\;C:\programs\Git\cmd;D:\Programs\PuTTy\;C:\Program Files\NVIDIA Corporation\NVIDIA App\NvDLISR;D:\Programs\Ruby34-x64\msys64\ucrt64\bin;D:\Programs\Ruby34-x64\bin;C:\Users\zador\AppData\Local\Programs\Python\Python313\Scripts\;C:\Users\zador\AppData\Local\Programs\Python\Python313\;C:\Users\zador\AppData\Local\Programs\Python\Launcher\;C:\Users\zador\AppData\Local\Microsoft\WindowsApps;C:\programs\Microsoft VS Code\bin;C:\programs\IntelliJ IDEA 2022.1.4\bin;;C:\Users\zador\AppData\Local\GitHubDesktop\bin" ASAN_OPTIONS=detect_leaks=0 "gcc -o conftest.exe -ID:/Programs/Ruby34-x64/include/ruby-3.4.0/x64-mingw-ucrt -ID:/Programs/Ruby34-x64/include/ruby-3.4.0/ruby/backward -ID:/Programs/Ruby34-x64/include/ruby-3.4.0 -I. -ID:/Programs/Ruby34-x64/msys64/ucrt64/bin/../include -D_WIN32_WINNT=0x0600 -D__MINGW_USE_VC2005_COMPAT -D_FILE_OFFSET_BITS=64  -O3 -fstack-protector-strong -fstack-protector-strong -D_FORTIFY_SOURCE=2  conftest.c -L. -LD:/Programs/Ruby34-x64/lib -L. -pipe -s -fstack-protector-strong -lpthread -Wl,--no-as-needed -fstack-protector-strong -l:libssp.a -LD:/Programs/Ruby34-x64/msys64/ucrt64/bin/../lib    -lssp  -lssl -lcrypto -lx64-ucrt-ruby340 -llibcrypto -lssp  -lssl -lcrypto -lshell32 -lws2_32 -liphlpapi -limagehlp -lshlwapi -lbcrypt  "
conftest.c: In function 't':
conftest.c:17:57: error: 'BIO_read' undeclared (first use in this function); did you mean '_read'?
   17 | int t(void) { void ((*volatile p)()); p = (void ((*)()))BIO_read; return !p; }
      |                                                         ^~~~~~~~
      |                                                         _read
conftest.c:17:57: note: each undeclared identifier is reported only once for each function it appears in
checked program was:
/* begin */
 1: #include "ruby.h"
 2: 
 3: #include <winsock2.h>
 4: #include <windows.h>
 5: 
 6: /*top*/
 7: extern int t(void);
 8: int main(int argc, char **argv)
 9: {
10:   if (argc > 1000000) {
11:     int (* volatile tp)(void)=(int (*)(void))&t;
12:     printf("%d", (*tp)());
13:   }
14: 
15:   return !!argv[argc];
16: }
17: int t(void) { void ((*volatile p)()); p = (void ((*)()))BIO_read; return !p; }
/* end */

PATH=".;D:/Programs/Ruby34-x64/lib;D:\Programs\Ruby34-x64\bin;D:\Programs\Ruby34-x64\msys64\ucrt64\bin;D:\Programs\Ruby34-x64\msys64\usr\bin;C:\Program Files\Common Files\Oracle\Java\javapath;C:\Program Files (x86)\Common Files\Oracle\Java\java8path;C:\Program Files (x86)\Common Files\Oracle\Java\javapath;C:\Windows\system32;C:\Windows;C:\Windows\System32\Wbem;C:\Windows\System32\WindowsPowerShell\v1.0\;C:\Windows\System32\OpenSSH\;C:\Program Files (x86)\NVIDIA Corporation\PhysX\Common;C:\Program Files\dotnet\;C:\programs\Git\cmd;D:\Programs\PuTTy\;C:\Program Files\NVIDIA Corporation\NVIDIA App\NvDLISR;D:\Programs\Ruby34-x64\msys64\ucrt64\bin;D:\Programs\Ruby34-x64\bin;C:\Users\zador\AppData\Local\Programs\Python\Python313\Scripts\;C:\Users\zador\AppData\Local\Programs\Python\Python313\;C:\Users\zador\AppData\Local\Programs\Python\Launcher\;C:\Users\zador\AppData\Local\Microsoft\WindowsApps;C:\programs\Microsoft VS Code\bin;C:\programs\IntelliJ IDEA 2022.1.4\bin;;C:\Users\zador\AppData\Local\GitHubDesktop\bin" ASAN_OPTIONS=detect_leaks=0 "gcc -o conftest.exe -ID:/Programs/Ruby34-x64/include/ruby-3.4.0/x64-mingw-ucrt -ID:/Programs/Ruby34-x64/include/ruby-3.4.0/ruby/backward -ID:/Programs/Ruby34-x64/include/ruby-3.4.0 -I. -ID:/Programs/Ruby34-x64/msys64/ucrt64/bin/../include -D_WIN32_WINNT=0x0600 -D__MINGW_USE_VC2005_COMPAT -D_FILE_OFFSET_BITS=64  -O3 -fstack-protector-strong -fstack-protector-strong -D_FORTIFY_SOURCE=2  conftest.c -L. -LD:/Programs/Ruby34-x64/lib -L. -pipe -s -fstack-protector-strong -lpthread -Wl,--no-as-needed -fstack-protector-strong -l:libssp.a -LD:/Programs/Ruby34-x64/msys64/ucrt64/bin/../lib    -lssp  -lssl -lcrypto -lx64-ucrt-ruby340 -llibcrypto -lssp  -lssl -lcrypto -lshell32 -lws2_32 -liphlpapi -limagehlp -lshlwapi -lbcrypt  "
checked program was:
/* begin */
 1: #include "ruby.h"
 2: 
 3: #include <winsock2.h>
 4: #include <windows.h>
 5: 
 6: /*top*/
 7: extern int t(void);
 8: int main(int argc, char **argv)
 9: {
10:   if (argc > 1000000) {
11:     int (* volatile tp)(void)=(int (*)(void))&t;
12:     printf("%d", (*tp)());
13:   }
14: 
15:   return !!argv[argc];
16: }
17: extern void BIO_read();
18: int t(void) { BIO_read(); return 0; }
/* end */

--------------------

have_library: checking for SSL_CTX_new() in -llibssl... -------------------- yes

PATH=".;D:/Programs/Ruby34-x64/lib;D:\Programs\Ruby34-x64\bin;D:\Programs\Ruby34-x64\msys64\ucrt64\bin;D:\Programs\Ruby34-x64\msys64\usr\bin;C:\Program Files\Common Files\Oracle\Java\javapath;C:\Program Files (x86)\Common Files\Oracle\Java\java8path;C:\Program Files (x86)\Common Files\Oracle\Java\javapath;C:\Windows\system32;C:\Windows;C:\Windows\System32\Wbem;C:\Windows\System32\WindowsPowerShell\v1.0\;C:\Windows\System32\OpenSSH\;C:\Program Files (x86)\NVIDIA Corporation\PhysX\Common;C:\Program Files\dotnet\;C:\programs\Git\cmd;D:\Programs\PuTTy\;C:\Program Files\NVIDIA Corporation\NVIDIA App\NvDLISR;D:\Programs\Ruby34-x64\msys64\ucrt64\bin;D:\Programs\Ruby34-x64\bin;C:\Users\zador\AppData\Local\Programs\Python\Python313\Scripts\;C:\Users\zador\AppData\Local\Programs\Python\Python313\;C:\Users\zador\AppData\Local\Programs\Python\Launcher\;C:\Users\zador\AppData\Local\Microsoft\WindowsApps;C:\programs\Microsoft VS Code\bin;C:\programs\IntelliJ IDEA 2022.1.4\bin;;C:\Users\zador\AppData\Local\GitHubDesktop\bin" ASAN_OPTIONS=detect_leaks=0 "gcc -o conftest.exe -ID:/Programs/Ruby34-x64/include/ruby-3.4.0/x64-mingw-ucrt -ID:/Programs/Ruby34-x64/include/ruby-3.4.0/ruby/backward -ID:/Programs/Ruby34-x64/include/ruby-3.4.0 -I. -ID:/Programs/Ruby34-x64/msys64/ucrt64/bin/../include -D_WIN32_WINNT=0x0600 -D__MINGW_USE_VC2005_COMPAT -D_FILE_OFFSET_BITS=64  -O3 -fstack-protector-strong -fstack-protector-strong -D_FORTIFY_SOURCE=2  conftest.c -L. -LD:/Programs/Ruby34-x64/lib -L. -pipe -s -fstack-protector-strong -lpthread -Wl,--no-as-needed -fstack-protector-strong -l:libssp.a -LD:/Programs/Ruby34-x64/msys64/ucrt64/bin/../lib    -llibcrypto -lssp  -lssl -lcrypto -lx64-ucrt-ruby340 -llibssl -llibcrypto -lssp  -lssl -lcrypto -lshell32 -lws2_32 -liphlpapi -limagehlp -lshlwapi -lbcrypt  "
conftest.c: In function 't':
conftest.c:17:57: error: 'SSL_CTX_new' undeclared (first use in this function)
   17 | int t(void) { void ((*volatile p)()); p = (void ((*)()))SSL_CTX_new; return !p; }
      |                                                         ^~~~~~~~~~~
conftest.c:17:57: note: each undeclared identifier is reported only once for each function it appears in
checked program was:
/* begin */
 1: #include "ruby.h"
 2: 
 3: #include <winsock2.h>
 4: #include <windows.h>
 5: 
 6: /*top*/
 7: extern int t(void);
 8: int main(int argc, char **argv)
 9: {
10:   if (argc > 1000000) {
11:     int (* volatile tp)(void)=(int (*)(void))&t;
12:     printf("%d", (*tp)());
13:   }
14: 
15:   return !!argv[argc];
16: }
17: int t(void) { void ((*volatile p)()); p = (void ((*)()))SSL_CTX_new; return !p; }
/* end */

PATH=".;D:/Programs/Ruby34-x64/lib;D:\Programs\Ruby34-x64\bin;D:\Programs\Ruby34-x64\msys64\ucrt64\bin;D:\Programs\Ruby34-x64\msys64\usr\bin;C:\Program Files\Common Files\Oracle\Java\javapath;C:\Program Files (x86)\Common Files\Oracle\Java\java8path;C:\Program Files (x86)\Common Files\Oracle\Java\javapath;C:\Windows\system32;C:\Windows;C:\Windows\System32\Wbem;C:\Windows\System32\WindowsPowerShell\v1.0\;C:\Windows\System32\OpenSSH\;C:\Program Files (x86)\NVIDIA Corporation\PhysX\Common;C:\Program Files\dotnet\;C:\programs\Git\cmd;D:\Programs\PuTTy\;C:\Program Files\NVIDIA Corporation\NVIDIA App\NvDLISR;D:\Programs\Ruby34-x64\msys64\ucrt64\bin;D:\Programs\Ruby34-x64\bin;C:\Users\zador\AppData\Local\Programs\Python\Python313\Scripts\;C:\Users\zador\AppData\Local\Programs\Python\Python313\;C:\Users\zador\AppData\Local\Programs\Python\Launcher\;C:\Users\zador\AppData\Local\Microsoft\WindowsApps;C:\programs\Microsoft VS Code\bin;C:\programs\IntelliJ IDEA 2022.1.4\bin;;C:\Users\zador\AppData\Local\GitHubDesktop\bin" ASAN_OPTIONS=detect_leaks=0 "gcc -o conftest.exe -ID:/Programs/Ruby34-x64/include/ruby-3.4.0/x64-mingw-ucrt -ID:/Programs/Ruby34-x64/include/ruby-3.4.0/ruby/backward -ID:/Programs/Ruby34-x64/include/ruby-3.4.0 -I. -ID:/Programs/Ruby34-x64/msys64/ucrt64/bin/../include -D_WIN32_WINNT=0x0600 -D__MINGW_USE_VC2005_COMPAT -D_FILE_OFFSET_BITS=64  -O3 -fstack-protector-strong -fstack-protector-strong -D_FORTIFY_SOURCE=2  conftest.c -L. -LD:/Programs/Ruby34-x64/lib -L. -pipe -s -fstack-protector-strong -lpthread -Wl,--no-as-needed -fstack-protector-strong -l:libssp.a -LD:/Programs/Ruby34-x64/msys64/ucrt64/bin/../lib    -llibcrypto -lssp  -lssl -lcrypto -lx64-ucrt-ruby340 -llibssl -llibcrypto -lssp  -lssl -lcrypto -lshell32 -lws2_32 -liphlpapi -limagehlp -lshlwapi -lbcrypt  "
checked program was:
/* begin */
 1: #include "ruby.h"
 2: 
 3: #include <winsock2.h>
 4: #include <windows.h>
 5: 
 6: /*top*/
 7: extern int t(void);
 8: int main(int argc, char **argv)
 9: {
10:   if (argc > 1000000) {
11:     int (* volatile tp)(void)=(int (*)(void))&t;
12:     printf("%d", (*tp)());
13:   }
14: 
15:   return !!argv[argc];
16: }
17: extern void SSL_CTX_new();
18: int t(void) { SSL_CTX_new(); return 0; }
/* end */

--------------------

have_header: checking for openssl/bio.h... -------------------- yes

PATH=".;D:/Programs/Ruby34-x64/lib;D:\Programs\Ruby34-x64\bin;D:\Programs\Ruby34-x64\msys64\ucrt64\bin;D:\Programs\Ruby34-x64\msys64\usr\bin;C:\Program Files\Common Files\Oracle\Java\javapath;C:\Program Files (x86)\Common Files\Oracle\Java\java8path;C:\Program Files (x86)\Common Files\Oracle\Java\javapath;C:\Windows\system32;C:\Windows;C:\Windows\System32\Wbem;C:\Windows\System32\WindowsPowerShell\v1.0\;C:\Windows\System32\OpenSSH\;C:\Program Files (x86)\NVIDIA Corporation\PhysX\Common;C:\Program Files\dotnet\;C:\programs\Git\cmd;D:\Programs\PuTTy\;C:\Program Files\NVIDIA Corporation\NVIDIA App\NvDLISR;D:\Programs\Ruby34-x64\msys64\ucrt64\bin;D:\Programs\Ruby34-x64\bin;C:\Users\zador\AppData\Local\Programs\Python\Python313\Scripts\;C:\Users\zador\AppData\Local\Programs\Python\Python313\;C:\Users\zador\AppData\Local\Programs\Python\Launcher\;C:\Users\zador\AppData\Local\Microsoft\WindowsApps;C:\programs\Microsoft VS Code\bin;C:\programs\IntelliJ IDEA 2022.1.4\bin;;C:\Users\zador\AppData\Local\GitHubDesktop\bin" ASAN_OPTIONS=detect_leaks=0 "gcc -ID:/Programs/Ruby34-x64/include/ruby-3.4.0/x64-mingw-ucrt -ID:/Programs/Ruby34-x64/include/ruby-3.4.0/ruby/backward -ID:/Programs/Ruby34-x64/include/ruby-3.4.0 -I. -ID:/Programs/Ruby34-x64/msys64/ucrt64/bin/../include -D_WIN32_WINNT=0x0600 -D__MINGW_USE_VC2005_COMPAT -D_FILE_OFFSET_BITS=64  -O3 -fstack-protector-strong -fstack-protector-strong -D_FORTIFY_SOURCE=2    -c conftest.c"
checked program was:
/* begin */
1: #include "ruby.h"
2: 
3: #include <winsock2.h>
4: #include <windows.h>
5: #include <openssl/bio.h>
/* end */

--------------------

have_func: checking for DTLS_method() in openssl/ssl.h... -------------------- yes

PATH=".;D:/Programs/Ruby34-x64/lib;D:\Programs\Ruby34-x64\bin;D:\Programs\Ruby34-x64\msys64\ucrt64\bin;D:\Programs\Ruby34-x64\msys64\usr\bin;C:\Program Files\Common Files\Oracle\Java\javapath;C:\Program Files (x86)\Common Files\Oracle\Java\java8path;C:\Program Files (x86)\Common Files\Oracle\Java\javapath;C:\Windows\system32;C:\Windows;C:\Windows\System32\Wbem;C:\Windows\System32\WindowsPowerShell\v1.0\;C:\Windows\System32\OpenSSH\;C:\Program Files (x86)\NVIDIA Corporation\PhysX\Common;C:\Program Files\dotnet\;C:\programs\Git\cmd;D:\Programs\PuTTy\;C:\Program Files\NVIDIA Corporation\NVIDIA App\NvDLISR;D:\Programs\Ruby34-x64\msys64\ucrt64\bin;D:\Programs\Ruby34-x64\bin;C:\Users\zador\AppData\Local\Programs\Python\Python313\Scripts\;C:\Users\zador\AppData\Local\Programs\Python\Python313\;C:\Users\zador\AppData\Local\Programs\Python\Launcher\;C:\Users\zador\AppData\Local\Microsoft\WindowsApps;C:\programs\Microsoft VS Code\bin;C:\programs\IntelliJ IDEA 2022.1.4\bin;;C:\Users\zador\AppData\Local\GitHubDesktop\bin" ASAN_OPTIONS=detect_leaks=0 "gcc -o conftest.exe -ID:/Programs/Ruby34-x64/include/ruby-3.4.0/x64-mingw-ucrt -ID:/Programs/Ruby34-x64/include/ruby-3.4.0/ruby/backward -ID:/Programs/Ruby34-x64/include/ruby-3.4.0 -I. -ID:/Programs/Ruby34-x64/msys64/ucrt64/bin/../include -D_WIN32_WINNT=0x0600 -D__MINGW_USE_VC2005_COMPAT -D_FILE_OFFSET_BITS=64  -O3 -fstack-protector-strong -fstack-protector-strong -D_FORTIFY_SOURCE=2  conftest.c -L. -LD:/Programs/Ruby34-x64/lib -L. -pipe -s -fstack-protector-strong -lpthread -Wl,--no-as-needed -fstack-protector-strong -l:libssp.a -LD:/Programs/Ruby34-x64/msys64/ucrt64/bin/../lib    -llibssl -llibcrypto -lssp  -lssl -lcrypto -lx64-ucrt-ruby340 -llibssl -llibcrypto -lssp  -lssl -lcrypto -lshell32 -lws2_32 -liphlpapi -limagehlp -lshlwapi -lbcrypt  "
checked program was:
/* begin */
 1: #include "ruby.h"
 2: 
 3: #include <winsock2.h>
 4: #include <windows.h>
 5: #include <openssl/ssl.h>
 6: 
 7: /*top*/
 8: extern int t(void);
 9: int main(int argc, char **argv)
10: {
11:   if (argc > 1000000) {
12:     int (* volatile tp)(void)=(int (*)(void))&t;
13:     printf("%d", (*tp)());
14:   }
15: 
16:   return !!argv[argc];
17: }
18: int t(void) { void ((*volatile p)()); p = (void ((*)()))DTLS_method; return !p; }
/* end */

--------------------

have_func: checking for SSL_CTX_set_session_cache_mode(NULL, 0) in openssl/ssl.h... -------------------- yes

PATH=".;D:/Programs/Ruby34-x64/lib;D:\Programs\Ruby34-x64\bin;D:\Programs\Ruby34-x64\msys64\ucrt64\bin;D:\Programs\Ruby34-x64\msys64\usr\bin;C:\Program Files\Common Files\Oracle\Java\javapath;C:\Program Files (x86)\Common Files\Oracle\Java\java8path;C:\Program Files (x86)\Common Files\Oracle\Java\javapath;C:\Windows\system32;C:\Windows;C:\Windows\System32\Wbem;C:\Windows\System32\WindowsPowerShell\v1.0\;C:\Windows\System32\OpenSSH\;C:\Program Files (x86)\NVIDIA Corporation\PhysX\Common;C:\Program Files\dotnet\;C:\programs\Git\cmd;D:\Programs\PuTTy\;C:\Program Files\NVIDIA Corporation\NVIDIA App\NvDLISR;D:\Programs\Ruby34-x64\msys64\ucrt64\bin;D:\Programs\Ruby34-x64\bin;C:\Users\zador\AppData\Local\Programs\Python\Python313\Scripts\;C:\Users\zador\AppData\Local\Programs\Python\Python313\;C:\Users\zador\AppData\Local\Programs\Python\Launcher\;C:\Users\zador\AppData\Local\Microsoft\WindowsApps;C:\programs\Microsoft VS Code\bin;C:\programs\IntelliJ IDEA 2022.1.4\bin;;C:\Users\zador\AppData\Local\GitHubDesktop\bin" ASAN_OPTIONS=detect_leaks=0 "gcc -o conftest.exe -ID:/Programs/Ruby34-x64/include/ruby-3.4.0/x64-mingw-ucrt -ID:/Programs/Ruby34-x64/include/ruby-3.4.0/ruby/backward -ID:/Programs/Ruby34-x64/include/ruby-3.4.0 -I. -ID:/Programs/Ruby34-x64/msys64/ucrt64/bin/../include -D_WIN32_WINNT=0x0600 -D__MINGW_USE_VC2005_COMPAT -D_FILE_OFFSET_BITS=64  -O3 -fstack-protector-strong -fstack-protector-strong -D_FORTIFY_SOURCE=2  conftest.c -L. -LD:/Programs/Ruby34-x64/lib -L. -pipe -s -fstack-protector-strong -lpthread -Wl,--no-as-needed -fstack-protector-strong -l:libssp.a -LD:/Programs/Ruby34-x64/msys64/ucrt64/bin/../lib    -llibssl -llibcrypto -lssp  -lssl -lcrypto -lx64-ucrt-ruby340 -llibssl -llibcrypto -lssp  -lssl -lcrypto -lshell32 -lws2_32 -liphlpapi -limagehlp -lshlwapi -lbcrypt  "
checked program was:
/* begin */
 1: #include "ruby.h"
 2: 
 3: #include <winsock2.h>
 4: #include <windows.h>
 5: #include <openssl/ssl.h>
 6: 
 7: /*top*/
 8: extern int t(void);
 9: int main(int argc, char **argv)
10: {
11:   if (argc > 1000000) {
12:     int (* volatile tp)(void)=(int (*)(void))&t;
13:     printf("%d", (*tp)());
14:   }
15: 
16:   return !!argv[argc];
17: }
18: 
19: int t(void) { SSL_CTX_set_session_cache_mode(NULL, 0); return 0; }
/* end */

--------------------

have_func: checking for TLS_server_method() in openssl/ssl.h... -------------------- yes

PATH=".;D:/Programs/Ruby34-x64/lib;D:\Programs\Ruby34-x64\bin;D:\Programs\Ruby34-x64\msys64\ucrt64\bin;D:\Programs\Ruby34-x64\msys64\usr\bin;C:\Program Files\Common Files\Oracle\Java\javapath;C:\Program Files (x86)\Common Files\Oracle\Java\java8path;C:\Program Files (x86)\Common Files\Oracle\Java\javapath;C:\Windows\system32;C:\Windows;C:\Windows\System32\Wbem;C:\Windows\System32\WindowsPowerShell\v1.0\;C:\Windows\System32\OpenSSH\;C:\Program Files (x86)\NVIDIA Corporation\PhysX\Common;C:\Program Files\dotnet\;C:\programs\Git\cmd;D:\Programs\PuTTy\;C:\Program Files\NVIDIA Corporation\NVIDIA App\NvDLISR;D:\Programs\Ruby34-x64\msys64\ucrt64\bin;D:\Programs\Ruby34-x64\bin;C:\Users\zador\AppData\Local\Programs\Python\Python313\Scripts\;C:\Users\zador\AppData\Local\Programs\Python\Python313\;C:\Users\zador\AppData\Local\Programs\Python\Launcher\;C:\Users\zador\AppData\Local\Microsoft\WindowsApps;C:\programs\Microsoft VS Code\bin;C:\programs\IntelliJ IDEA 2022.1.4\bin;;C:\Users\zador\AppData\Local\GitHubDesktop\bin" ASAN_OPTIONS=detect_leaks=0 "gcc -o conftest.exe -ID:/Programs/Ruby34-x64/include/ruby-3.4.0/x64-mingw-ucrt -ID:/Programs/Ruby34-x64/include/ruby-3.4.0/ruby/backward -ID:/Programs/Ruby34-x64/include/ruby-3.4.0 -I. -ID:/Programs/Ruby34-x64/msys64/ucrt64/bin/../include -D_WIN32_WINNT=0x0600 -D__MINGW_USE_VC2005_COMPAT -D_FILE_OFFSET_BITS=64  -O3 -fstack-protector-strong -fstack-protector-strong -D_FORTIFY_SOURCE=2  conftest.c -L. -LD:/Programs/Ruby34-x64/lib -L. -pipe -s -fstack-protector-strong -lpthread -Wl,--no-as-needed -fstack-protector-strong -l:libssp.a -LD:/Programs/Ruby34-x64/msys64/ucrt64/bin/../lib    -llibssl -llibcrypto -lssp  -lssl -lcrypto -lx64-ucrt-ruby340 -llibssl -llibcrypto -lssp  -lssl -lcrypto -lshell32 -lws2_32 -liphlpapi -limagehlp -lshlwapi -lbcrypt  "
checked program was:
/* begin */
 1: #include "ruby.h"
 2: 
 3: #include <winsock2.h>
 4: #include <windows.h>
 5: #include <openssl/ssl.h>
 6: 
 7: /*top*/
 8: extern int t(void);
 9: int main(int argc, char **argv)
10: {
11:   if (argc > 1000000) {
12:     int (* volatile tp)(void)=(int (*)(void))&t;
13:     printf("%d", (*tp)());
14:   }
15: 
16:   return !!argv[argc];
17: }
18: int t(void) { void ((*volatile p)()); p = (void ((*)()))TLS_server_method; return !p; }
/* end */

--------------------

have_func: checking for SSL_CTX_set_min_proto_version(NULL, 0) in openssl/ssl.h... -------------------- yes

PATH=".;D:/Programs/Ruby34-x64/lib;D:\Programs\Ruby34-x64\bin;D:\Programs\Ruby34-x64\msys64\ucrt64\bin;D:\Programs\Ruby34-x64\msys64\usr\bin;C:\Program Files\Common Files\Oracle\Java\javapath;C:\Program Files (x86)\Common Files\Oracle\Java\java8path;C:\Program Files (x86)\Common Files\Oracle\Java\javapath;C:\Windows\system32;C:\Windows;C:\Windows\System32\Wbem;C:\Windows\System32\WindowsPowerShell\v1.0\;C:\Windows\System32\OpenSSH\;C:\Program Files (x86)\NVIDIA Corporation\PhysX\Common;C:\Program Files\dotnet\;C:\programs\Git\cmd;D:\Programs\PuTTy\;C:\Program Files\NVIDIA Corporation\NVIDIA App\NvDLISR;D:\Programs\Ruby34-x64\msys64\ucrt64\bin;D:\Programs\Ruby34-x64\bin;C:\Users\zador\AppData\Local\Programs\Python\Python313\Scripts\;C:\Users\zador\AppData\Local\Programs\Python\Python313\;C:\Users\zador\AppData\Local\Programs\Python\Launcher\;C:\Users\zador\AppData\Local\Microsoft\WindowsApps;C:\programs\Microsoft VS Code\bin;C:\programs\IntelliJ IDEA 2022.1.4\bin;;C:\Users\zador\AppData\Local\GitHubDesktop\bin" ASAN_OPTIONS=detect_leaks=0 "gcc -o conftest.exe -ID:/Programs/Ruby34-x64/include/ruby-3.4.0/x64-mingw-ucrt -ID:/Programs/Ruby34-x64/include/ruby-3.4.0/ruby/backward -ID:/Programs/Ruby34-x64/include/ruby-3.4.0 -I. -ID:/Programs/Ruby34-x64/msys64/ucrt64/bin/../include -D_WIN32_WINNT=0x0600 -D__MINGW_USE_VC2005_COMPAT -D_FILE_OFFSET_BITS=64  -O3 -fstack-protector-strong -fstack-protector-strong -D_FORTIFY_SOURCE=2  conftest.c -L. -LD:/Programs/Ruby34-x64/lib -L. -pipe -s -fstack-protector-strong -lpthread -Wl,--no-as-needed -fstack-protector-strong -l:libssp.a -LD:/Programs/Ruby34-x64/msys64/ucrt64/bin/../lib    -llibssl -llibcrypto -lssp  -lssl -lcrypto -lx64-ucrt-ruby340 -llibssl -llibcrypto -lssp  -lssl -lcrypto -lshell32 -lws2_32 -liphlpapi -limagehlp -lshlwapi -lbcrypt  "
checked program was:
/* begin */
 1: #include "ruby.h"
 2: 
 3: #include <winsock2.h>
 4: #include <windows.h>
 5: #include <openssl/ssl.h>
 6: 
 7: /*top*/
 8: extern int t(void);
 9: int main(int argc, char **argv)
10: {
11:   if (argc > 1000000) {
12:     int (* volatile tp)(void)=(int (*)(void))&t;
13:     printf("%d", (*tp)());
14:   }
15: 
16:   return !!argv[argc];
17: }
18: 
19: int t(void) { SSL_CTX_set_min_proto_version(NULL, 0); return 0; }
/* end */

--------------------

have_func: checking for SSL_CTX_set_dh_auto(NULL, 0) in openssl/ssl.h... -------------------- yes

PATH=".;D:/Programs/Ruby34-x64/lib;D:\Programs\Ruby34-x64\bin;D:\Programs\Ruby34-x64\msys64\ucrt64\bin;D:\Programs\Ruby34-x64\msys64\usr\bin;C:\Program Files\Common Files\Oracle\Java\javapath;C:\Program Files (x86)\Common Files\Oracle\Java\java8path;C:\Program Files (x86)\Common Files\Oracle\Java\javapath;C:\Windows\system32;C:\Windows;C:\Windows\System32\Wbem;C:\Windows\System32\WindowsPowerShell\v1.0\;C:\Windows\System32\OpenSSH\;C:\Program Files (x86)\NVIDIA Corporation\PhysX\Common;C:\Program Files\dotnet\;C:\programs\Git\cmd;D:\Programs\PuTTy\;C:\Program Files\NVIDIA Corporation\NVIDIA App\NvDLISR;D:\Programs\Ruby34-x64\msys64\ucrt64\bin;D:\Programs\Ruby34-x64\bin;C:\Users\zador\AppData\Local\Programs\Python\Python313\Scripts\;C:\Users\zador\AppData\Local\Programs\Python\Python313\;C:\Users\zador\AppData\Local\Programs\Python\Launcher\;C:\Users\zador\AppData\Local\Microsoft\WindowsApps;C:\programs\Microsoft VS Code\bin;C:\programs\IntelliJ IDEA 2022.1.4\bin;;C:\Users\zador\AppData\Local\GitHubDesktop\bin" ASAN_OPTIONS=detect_leaks=0 "gcc -o conftest.exe -ID:/Programs/Ruby34-x64/include/ruby-3.4.0/x64-mingw-ucrt -ID:/Programs/Ruby34-x64/include/ruby-3.4.0/ruby/backward -ID:/Programs/Ruby34-x64/include/ruby-3.4.0 -I. -ID:/Programs/Ruby34-x64/msys64/ucrt64/bin/../include -D_WIN32_WINNT=0x0600 -D__MINGW_USE_VC2005_COMPAT -D_FILE_OFFSET_BITS=64  -O3 -fstack-protector-strong -fstack-protector-strong -D_FORTIFY_SOURCE=2  conftest.c -L. -LD:/Programs/Ruby34-x64/lib -L. -pipe -s -fstack-protector-strong -lpthread -Wl,--no-as-needed -fstack-protector-strong -l:libssp.a -LD:/Programs/Ruby34-x64/msys64/ucrt64/bin/../lib    -llibssl -llibcrypto -lssp  -lssl -lcrypto -lx64-ucrt-ruby340 -llibssl -llibcrypto -lssp  -lssl -lcrypto -lshell32 -lws2_32 -liphlpapi -limagehlp -lshlwapi -lbcrypt  "
checked program was:
/* begin */
 1: #include "ruby.h"
 2: 
 3: #include <winsock2.h>
 4: #include <windows.h>
 5: #include <openssl/ssl.h>
 6: 
 7: /*top*/
 8: extern int t(void);
 9: int main(int argc, char **argv)
10: {
11:   if (argc > 1000000) {
12:     int (* volatile tp)(void)=(int (*)(void))&t;
13:     printf("%d", (*tp)());
14:   }
15: 
16:   return !!argv[argc];
17: }
18: 
19: int t(void) { SSL_CTX_set_dh_auto(NULL, 0); return 0; }
/* end */

--------------------

have_func: checking for SSL_CTX_set_ciphersuites(NULL, "") in openssl/ssl.h... -------------------- yes

PATH=".;D:/Programs/Ruby34-x64/lib;D:\Programs\Ruby34-x64\bin;D:\Programs\Ruby34-x64\msys64\ucrt64\bin;D:\Programs\Ruby34-x64\msys64\usr\bin;C:\Program Files\Common Files\Oracle\Java\javapath;C:\Program Files (x86)\Common Files\Oracle\Java\java8path;C:\Program Files (x86)\Common Files\Oracle\Java\javapath;C:\Windows\system32;C:\Windows;C:\Windows\System32\Wbem;C:\Windows\System32\WindowsPowerShell\v1.0\;C:\Windows\System32\OpenSSH\;C:\Program Files (x86)\NVIDIA Corporation\PhysX\Common;C:\Program Files\dotnet\;C:\programs\Git\cmd;D:\Programs\PuTTy\;C:\Program Files\NVIDIA Corporation\NVIDIA App\NvDLISR;D:\Programs\Ruby34-x64\msys64\ucrt64\bin;D:\Programs\Ruby34-x64\bin;C:\Users\zador\AppData\Local\Programs\Python\Python313\Scripts\;C:\Users\zador\AppData\Local\Programs\Python\Python313\;C:\Users\zador\AppData\Local\Programs\Python\Launcher\;C:\Users\zador\AppData\Local\Microsoft\WindowsApps;C:\programs\Microsoft VS Code\bin;C:\programs\IntelliJ IDEA 2022.1.4\bin;;C:\Users\zador\AppData\Local\GitHubDesktop\bin" ASAN_OPTIONS=detect_leaks=0 "gcc -o conftest.exe -ID:/Programs/Ruby34-x64/include/ruby-3.4.0/x64-mingw-ucrt -ID:/Programs/Ruby34-x64/include/ruby-3.4.0/ruby/backward -ID:/Programs/Ruby34-x64/include/ruby-3.4.0 -I. -ID:/Programs/Ruby34-x64/msys64/ucrt64/bin/../include -D_WIN32_WINNT=0x0600 -D__MINGW_USE_VC2005_COMPAT -D_FILE_OFFSET_BITS=64  -O3 -fstack-protector-strong -fstack-protector-strong -D_FORTIFY_SOURCE=2  conftest.c -L. -LD:/Programs/Ruby34-x64/lib -L. -pipe -s -fstack-protector-strong -lpthread -Wl,--no-as-needed -fstack-protector-strong -l:libssp.a -LD:/Programs/Ruby34-x64/msys64/ucrt64/bin/../lib    -llibssl -llibcrypto -lssp  -lssl -lcrypto -lx64-ucrt-ruby340 -llibssl -llibcrypto -lssp  -lssl -lcrypto -lshell32 -lws2_32 -liphlpapi -limagehlp -lshlwapi -lbcrypt  "
checked program was:
/* begin */
 1: #include "ruby.h"
 2: 
 3: #include <winsock2.h>
 4: #include <windows.h>
 5: #include <openssl/ssl.h>
 6: 
 7: /*top*/
 8: extern int t(void);
 9: int main(int argc, char **argv)
10: {
11:   if (argc > 1000000) {
12:     int (* volatile tp)(void)=(int (*)(void))&t;
13:     printf("%d", (*tp)());
14:   }
15: 
16:   return !!argv[argc];
17: }
18: 
19: int t(void) { char s1[1024]; SSL_CTX_set_ciphersuites(NULL, s1); return 0; }
/* end */

--------------------

have_func: checking for SSL_get1_peer_certificate() in openssl/ssl.h... -------------------- yes

PATH=".;D:/Programs/Ruby34-x64/lib;D:\Programs\Ruby34-x64\bin;D:\Programs\Ruby34-x64\msys64\ucrt64\bin;D:\Programs\Ruby34-x64\msys64\usr\bin;C:\Program Files\Common Files\Oracle\Java\javapath;C:\Program Files (x86)\Common Files\Oracle\Java\java8path;C:\Program Files (x86)\Common Files\Oracle\Java\javapath;C:\Windows\system32;C:\Windows;C:\Windows\System32\Wbem;C:\Windows\System32\WindowsPowerShell\v1.0\;C:\Windows\System32\OpenSSH\;C:\Program Files (x86)\NVIDIA Corporation\PhysX\Common;C:\Program Files\dotnet\;C:\programs\Git\cmd;D:\Programs\PuTTy\;C:\Program Files\NVIDIA Corporation\NVIDIA App\NvDLISR;D:\Programs\Ruby34-x64\msys64\ucrt64\bin;D:\Programs\Ruby34-x64\bin;C:\Users\zador\AppData\Local\Programs\Python\Python313\Scripts\;C:\Users\zador\AppData\Local\Programs\Python\Python313\;C:\Users\zador\AppData\Local\Programs\Python\Launcher\;C:\Users\zador\AppData\Local\Microsoft\WindowsApps;C:\programs\Microsoft VS Code\bin;C:\programs\IntelliJ IDEA 2022.1.4\bin;;C:\Users\zador\AppData\Local\GitHubDesktop\bin" ASAN_OPTIONS=detect_leaks=0 "gcc -o conftest.exe -ID:/Programs/Ruby34-x64/include/ruby-3.4.0/x64-mingw-ucrt -ID:/Programs/Ruby34-x64/include/ruby-3.4.0/ruby/backward -ID:/Programs/Ruby34-x64/include/ruby-3.4.0 -I. -ID:/Programs/Ruby34-x64/msys64/ucrt64/bin/../include -D_WIN32_WINNT=0x0600 -D__MINGW_USE_VC2005_COMPAT -D_FILE_OFFSET_BITS=64  -O3 -fstack-protector-strong -fstack-protector-strong -D_FORTIFY_SOURCE=2  conftest.c -L. -LD:/Programs/Ruby34-x64/lib -L. -pipe -s -fstack-protector-strong -lpthread -Wl,--no-as-needed -fstack-protector-strong -l:libssp.a -LD:/Programs/Ruby34-x64/msys64/ucrt64/bin/../lib    -llibssl -llibcrypto -lssp  -lssl -lcrypto -lx64-ucrt-ruby340 -llibssl -llibcrypto -lssp  -lssl -lcrypto -lshell32 -lws2_32 -liphlpapi -limagehlp -lshlwapi -lbcrypt  "
checked program was:
/* begin */
 1: #include "ruby.h"
 2: 
 3: #include <winsock2.h>
 4: #include <windows.h>
 5: #include <openssl/ssl.h>
 6: 
 7: /*top*/
 8: extern int t(void);
 9: int main(int argc, char **argv)
10: {
11:   if (argc > 1000000) {
12:     int (* volatile tp)(void)=(int (*)(void))&t;
13:     printf("%d", (*tp)());
14:   }
15: 
16:   return !!argv[argc];
17: }
18: int t(void) { void ((*volatile p)()); p = (void ((*)()))SSL_get1_peer_certificate; return !p; }
/* end */

--------------------

