have_func: checking for fdatasync() in unistd.h... -------------------- no

PATH=".;D:/Programs/Ruby34-x64/lib;D:\Programs\Ruby34-x64\bin;D:\Programs\Ruby34-x64\msys64\ucrt64\bin;D:\Programs\Ruby34-x64\msys64\usr\bin;C:\Program Files\Common Files\Oracle\Java\javapath;C:\Program Files (x86)\Common Files\Oracle\Java\java8path;C:\Program Files (x86)\Common Files\Oracle\Java\javapath;C:\Windows\system32;C:\Windows;C:\Windows\System32\Wbem;C:\Windows\System32\WindowsPowerShell\v1.0\;C:\Windows\System32\OpenSSH\;C:\Program Files (x86)\NVIDIA Corporation\PhysX\Common;C:\Program Files\dotnet\;C:\programs\Git\cmd;D:\Programs\PuTTy\;C:\Program Files\NVIDIA Corporation\NVIDIA App\NvDLISR;D:\Programs\Ruby34-x64\msys64\ucrt64\bin;D:\Programs\Ruby34-x64\bin;C:\Users\zador\AppData\Local\Programs\Python\Python313\Scripts\;C:\Users\zador\AppData\Local\Programs\Python\Python313\;C:\Users\zador\AppData\Local\Programs\Python\Launcher\;C:\Users\zador\AppData\Local\Microsoft\WindowsApps;C:\programs\Microsoft VS Code\bin;C:\programs\IntelliJ IDEA 2022.1.4\bin;;C:\Users\zador\AppData\Local\GitHubDesktop\bin" ASAN_OPTIONS=detect_leaks=0 "gcc -o conftest.exe -ID:/Programs/Ruby34-x64/include/ruby-3.4.0/x64-mingw-ucrt -ID:/Programs/Ruby34-x64/include/ruby-3.4.0/ruby/backward -ID:/Programs/Ruby34-x64/include/ruby-3.4.0 -I. -D_WIN32_WINNT=0x0600 -D__MINGW_USE_VC2005_COMPAT -D_FILE_OFFSET_BITS=64  -O3 -fstack-protector-strong conftest.c -L. -LD:/Programs/Ruby34-x64/lib -L. -pipe -s -fstack-protector-strong -lpthread -Wl,--no-as-needed     -lx64-ucrt-ruby340  -lshell32 -lws2_32 -liphlpapi -limagehlp -lshlwapi -lbcrypt  "
checked program was:
/* begin */
1: #include "ruby.h"
2: 
3: #include <winsock2.h>
4: #include <windows.h>
5: int main(int argc, char **argv)
6: {
7:   return !!argv[argc];
8: }
/* end */

PATH=".;D:/Programs/Ruby34-x64/lib;D:\Programs\Ruby34-x64\bin;D:\Programs\Ruby34-x64\msys64\ucrt64\bin;D:\Programs\Ruby34-x64\msys64\usr\bin;C:\Program Files\Common Files\Oracle\Java\javapath;C:\Program Files (x86)\Common Files\Oracle\Java\java8path;C:\Program Files (x86)\Common Files\Oracle\Java\javapath;C:\Windows\system32;C:\Windows;C:\Windows\System32\Wbem;C:\Windows\System32\WindowsPowerShell\v1.0\;C:\Windows\System32\OpenSSH\;C:\Program Files (x86)\NVIDIA Corporation\PhysX\Common;C:\Program Files\dotnet\;C:\programs\Git\cmd;D:\Programs\PuTTy\;C:\Program Files\NVIDIA Corporation\NVIDIA App\NvDLISR;D:\Programs\Ruby34-x64\msys64\ucrt64\bin;D:\Programs\Ruby34-x64\bin;C:\Users\zador\AppData\Local\Programs\Python\Python313\Scripts\;C:\Users\zador\AppData\Local\Programs\Python\Python313\;C:\Users\zador\AppData\Local\Programs\Python\Launcher\;C:\Users\zador\AppData\Local\Microsoft\WindowsApps;C:\programs\Microsoft VS Code\bin;C:\programs\IntelliJ IDEA 2022.1.4\bin;;C:\Users\zador\AppData\Local\GitHubDesktop\bin" ASAN_OPTIONS=detect_leaks=0 "gcc -o conftest.exe -ID:/Programs/Ruby34-x64/include/ruby-3.4.0/x64-mingw-ucrt -ID:/Programs/Ruby34-x64/include/ruby-3.4.0/ruby/backward -ID:/Programs/Ruby34-x64/include/ruby-3.4.0 -I. -D_WIN32_WINNT=0x0600 -D__MINGW_USE_VC2005_COMPAT -D_FILE_OFFSET_BITS=64  -O3 -fstack-protector-strong conftest.c -L. -LD:/Programs/Ruby34-x64/lib -L. -pipe -s -fstack-protector-strong -lpthread -Wl,--no-as-needed     -lx64-ucrt-ruby340  -lshell32 -lws2_32 -liphlpapi -limagehlp -lshlwapi -lbcrypt  "
conftest.c: In function 't':
conftest.c:18:57: error: 'fdatasync' undeclared (first use in this function)
   18 | int t(void) { void ((*volatile p)()); p = (void ((*)()))fdatasync; return !p; }
      |                                                         ^~~~~~~~~
conftest.c:18:57: note: each undeclared identifier is reported only once for each function it appears in
checked program was:
/* begin */
 1: #include "ruby.h"
 2: 
 3: #include <winsock2.h>
 4: #include <windows.h>
 5: #include <unistd.h>
 6: 
 7: /*top*/
 8: extern int t(void);
 9: int main(int argc, char **argv)
10: {
11:   if (argc > 1000000) {
12:     int (* volatile tp)(void)=(int (*)(void))&t;
13:     printf("%d", (*tp)());
14:   }
15: 
16:   return !!argv[argc];
17: }
18: int t(void) { void ((*volatile p)()); p = (void ((*)()))fdatasync; return !p; }
/* end */

PATH=".;D:/Programs/Ruby34-x64/lib;D:\Programs\Ruby34-x64\bin;D:\Programs\Ruby34-x64\msys64\ucrt64\bin;D:\Programs\Ruby34-x64\msys64\usr\bin;C:\Program Files\Common Files\Oracle\Java\javapath;C:\Program Files (x86)\Common Files\Oracle\Java\java8path;C:\Program Files (x86)\Common Files\Oracle\Java\javapath;C:\Windows\system32;C:\Windows;C:\Windows\System32\Wbem;C:\Windows\System32\WindowsPowerShell\v1.0\;C:\Windows\System32\OpenSSH\;C:\Program Files (x86)\NVIDIA Corporation\PhysX\Common;C:\Program Files\dotnet\;C:\programs\Git\cmd;D:\Programs\PuTTy\;C:\Program Files\NVIDIA Corporation\NVIDIA App\NvDLISR;D:\Programs\Ruby34-x64\msys64\ucrt64\bin;D:\Programs\Ruby34-x64\bin;C:\Users\zador\AppData\Local\Programs\Python\Python313\Scripts\;C:\Users\zador\AppData\Local\Programs\Python\Python313\;C:\Users\zador\AppData\Local\Programs\Python\Launcher\;C:\Users\zador\AppData\Local\Microsoft\WindowsApps;C:\programs\Microsoft VS Code\bin;C:\programs\IntelliJ IDEA 2022.1.4\bin;;C:\Users\zador\AppData\Local\GitHubDesktop\bin" ASAN_OPTIONS=detect_leaks=0 "gcc -o conftest.exe -ID:/Programs/Ruby34-x64/include/ruby-3.4.0/x64-mingw-ucrt -ID:/Programs/Ruby34-x64/include/ruby-3.4.0/ruby/backward -ID:/Programs/Ruby34-x64/include/ruby-3.4.0 -I. -D_WIN32_WINNT=0x0600 -D__MINGW_USE_VC2005_COMPAT -D_FILE_OFFSET_BITS=64  -O3 -fstack-protector-strong conftest.c -L. -LD:/Programs/Ruby34-x64/lib -L. -pipe -s -fstack-protector-strong -lpthread -Wl,--no-as-needed     -lx64-ucrt-ruby340  -lshell32 -lws2_32 -liphlpapi -limagehlp -lshlwapi -lbcrypt  "
D:/Programs/Ruby34-x64/msys64/ucrt64/bin/../lib/gcc/x86_64-w64-mingw32/15.1.0/../../../../x86_64-w64-mingw32/bin/ld.exe: C:\Users\zador\AppData\Local\Temp\ccehuTM9.o:conftest.c:(.text+0x5): undefined reference to `fdatasync'
collect2.exe: error: ld returned 1 exit status
checked program was:
/* begin */
 1: #include "ruby.h"
 2: 
 3: #include <winsock2.h>
 4: #include <windows.h>
 5: #include <unistd.h>
 6: 
 7: /*top*/
 8: extern int t(void);
 9: int main(int argc, char **argv)
10: {
11:   if (argc > 1000000) {
12:     int (* volatile tp)(void)=(int (*)(void))&t;
13:     printf("%d", (*tp)());
14:   }
15: 
16:   return !!argv[argc];
17: }
18: extern void fdatasync();
19: int t(void) { fdatasync(); return 0; }
/* end */

--------------------

append_cflags: checking for whether -O3 is accepted as CFLAGS... -------------------- yes

PATH=".;D:/Programs/Ruby34-x64/lib;D:\Programs\Ruby34-x64\bin;D:\Programs\Ruby34-x64\msys64\ucrt64\bin;D:\Programs\Ruby34-x64\msys64\usr\bin;C:\Program Files\Common Files\Oracle\Java\javapath;C:\Program Files (x86)\Common Files\Oracle\Java\java8path;C:\Program Files (x86)\Common Files\Oracle\Java\javapath;C:\Windows\system32;C:\Windows;C:\Windows\System32\Wbem;C:\Windows\System32\WindowsPowerShell\v1.0\;C:\Windows\System32\OpenSSH\;C:\Program Files (x86)\NVIDIA Corporation\PhysX\Common;C:\Program Files\dotnet\;C:\programs\Git\cmd;D:\Programs\PuTTy\;C:\Program Files\NVIDIA Corporation\NVIDIA App\NvDLISR;D:\Programs\Ruby34-x64\msys64\ucrt64\bin;D:\Programs\Ruby34-x64\bin;C:\Users\zador\AppData\Local\Programs\Python\Python313\Scripts\;C:\Users\zador\AppData\Local\Programs\Python\Python313\;C:\Users\zador\AppData\Local\Programs\Python\Launcher\;C:\Users\zador\AppData\Local\Microsoft\WindowsApps;C:\programs\Microsoft VS Code\bin;C:\programs\IntelliJ IDEA 2022.1.4\bin;;C:\Users\zador\AppData\Local\GitHubDesktop\bin" ASAN_OPTIONS=detect_leaks=0 "gcc -ID:/Programs/Ruby34-x64/include/ruby-3.4.0/x64-mingw-ucrt -ID:/Programs/Ruby34-x64/include/ruby-3.4.0/ruby/backward -ID:/Programs/Ruby34-x64/include/ruby-3.4.0 -I. -D_WIN32_WINNT=0x0600 -D__MINGW_USE_VC2005_COMPAT -D_FILE_OFFSET_BITS=64  -O3 -fstack-protector-strong  -O3 -Werror -c conftest.c"
checked program was:
/* begin */
1: #include "ruby.h"
2: 
3: #include <winsock2.h>
4: #include <windows.h>
5: int main(int argc, char **argv)
6: {
7:   return !!argv[argc];
8: }
/* end */

--------------------

append_cflags: checking for whether -std=c99 is accepted as CFLAGS... -------------------- yes

PATH=".;D:/Programs/Ruby34-x64/lib;D:\Programs\Ruby34-x64\bin;D:\Programs\Ruby34-x64\msys64\ucrt64\bin;D:\Programs\Ruby34-x64\msys64\usr\bin;C:\Program Files\Common Files\Oracle\Java\javapath;C:\Program Files (x86)\Common Files\Oracle\Java\java8path;C:\Program Files (x86)\Common Files\Oracle\Java\javapath;C:\Windows\system32;C:\Windows;C:\Windows\System32\Wbem;C:\Windows\System32\WindowsPowerShell\v1.0\;C:\Windows\System32\OpenSSH\;C:\Program Files (x86)\NVIDIA Corporation\PhysX\Common;C:\Program Files\dotnet\;C:\programs\Git\cmd;D:\Programs\PuTTy\;C:\Program Files\NVIDIA Corporation\NVIDIA App\NvDLISR;D:\Programs\Ruby34-x64\msys64\ucrt64\bin;D:\Programs\Ruby34-x64\bin;C:\Users\zador\AppData\Local\Programs\Python\Python313\Scripts\;C:\Users\zador\AppData\Local\Programs\Python\Python313\;C:\Users\zador\AppData\Local\Programs\Python\Launcher\;C:\Users\zador\AppData\Local\Microsoft\WindowsApps;C:\programs\Microsoft VS Code\bin;C:\programs\IntelliJ IDEA 2022.1.4\bin;;C:\Users\zador\AppData\Local\GitHubDesktop\bin" ASAN_OPTIONS=detect_leaks=0 "gcc -ID:/Programs/Ruby34-x64/include/ruby-3.4.0/x64-mingw-ucrt -ID:/Programs/Ruby34-x64/include/ruby-3.4.0/ruby/backward -ID:/Programs/Ruby34-x64/include/ruby-3.4.0 -I. -D_WIN32_WINNT=0x0600 -D__MINGW_USE_VC2005_COMPAT -D_FILE_OFFSET_BITS=64  -O3 -fstack-protector-strong -O3  -std=c99 -Werror -c conftest.c"
checked program was:
/* begin */
1: #include "ruby.h"
2: 
3: #include <winsock2.h>
4: #include <windows.h>
5: int main(int argc, char **argv)
6: {
7:   return !!argv[argc];
8: }
/* end */

--------------------

